{"C:\\Users\\ekinca\\Desktop\\AJS2\\client\\components\\Test.spec.js":{"path":"C:\\Users\\ekinca\\Desktop\\AJS2\\client\\components\\Test.spec.js","s":{"1":1,"2":1,"3":1,"4":1,"5":1,"6":2,"7":1,"8":1,"9":1,"10":1,"11":1,"12":0},"b":{},"f":{"1":1,"2":2,"3":1,"4":1,"5":0},"fnMap":{"1":{"name":"(anonymous_1)","line":3,"loc":{"start":{"line":3,"column":45},"end":{"line":3,"column":57}}},"2":{"name":"(anonymous_2)","line":5,"loc":{"start":{"line":5,"column":15},"end":{"line":5,"column":27}}},"3":{"name":"(anonymous_3)","line":8,"loc":{"start":{"line":8,"column":35},"end":{"line":8,"column":47}}},"4":{"name":"(anonymous_4)","line":11,"loc":{"start":{"line":11,"column":31},"end":{"line":11,"column":43}}},"5":{"name":"(anonymous_5)","line":14,"loc":{"start":{"line":14,"column":52},"end":{"line":14,"column":64}}}},"statementMap":{"1":{"start":{"line":1,"column":0},"end":{"line":1,"column":28}},"2":{"start":{"line":2,"column":0},"end":{"line":2,"column":31}},"3":{"start":{"line":3,"column":0},"end":{"line":17,"column":3}},"4":{"start":{"line":4,"column":4},"end":{"line":4,"column":13}},"5":{"start":{"line":5,"column":4},"end":{"line":7,"column":7}},"6":{"start":{"line":6,"column":8},"end":{"line":6,"column":33}},"7":{"start":{"line":8,"column":4},"end":{"line":10,"column":7}},"8":{"start":{"line":9,"column":8},"end":{"line":9,"column":50}},"9":{"start":{"line":11,"column":4},"end":{"line":13,"column":7}},"10":{"start":{"line":12,"column":8},"end":{"line":12,"column":50}},"11":{"start":{"line":14,"column":4},"end":{"line":16,"column":7}},"12":{"start":{"line":15,"column":8},"end":{"line":15,"column":49}}},"branchMap":{}},"C:\\Users\\ekinca\\Desktop\\AJS2\\client\\components\\Test.js":{"path":"C:\\Users\\ekinca\\Desktop\\AJS2\\client\\components\\Test.js","s":{"1":1,"2":1,"3":1,"4":1,"5":0,"6":0,"7":0,"8":1,"9":1,"10":1,"11":1,"12":1,"13":1,"14":1,"15":2,"16":2,"17":1,"18":1,"19":2,"20":2,"21":2,"22":0,"23":0,"24":0,"25":0,"26":0,"27":2,"28":2,"29":2,"30":0,"31":1,"32":0,"33":0,"34":0,"35":0,"36":1,"37":1,"38":1},"b":{"1":[1,1,1],"2":[1,0],"3":[0,0],"4":[1,0],"5":[1,1],"6":[0,0],"7":[0,0],"8":[0,0],"9":[0,0],"10":[1,0,0],"11":[1,1,1],"12":[1,0],"13":[1,1],"14":[0,0]},"f":{"1":1,"2":1,"3":1,"4":2,"5":0,"6":2,"7":0},"fnMap":{"1":{"name":"(anonymous_1)","line":1,"loc":{"start":{"line":1,"column":46},"end":{"line":1,"column":87}}},"2":{"name":"(anonymous_2)","line":7,"loc":{"start":{"line":7,"column":46},"end":{"line":7,"column":62}}},"3":{"name":"(anonymous_3)","line":11,"loc":{"start":{"line":11,"column":12},"end":{"line":11,"column":24}}},"4":{"name":"Test","line":12,"loc":{"start":{"line":12,"column":4},"end":{"line":12,"column":20}}},"5":{"name":"(anonymous_5)","line":16,"loc":{"start":{"line":16,"column":28},"end":{"line":16,"column":40}}},"6":{"name":"(anonymous_6)","line":18,"loc":{"start":{"line":18,"column":30},"end":{"line":18,"column":43}}},"7":{"name":"(anonymous_7)","line":35,"loc":{"start":{"line":35,"column":28},"end":{"line":35,"column":44}}}},"statementMap":{"1":{"start":{"line":1,"column":0},"end":{"line":6,"column":2}},"2":{"start":{"line":2,"column":4},"end":{"line":2,"column":129}},"3":{"start":{"line":3,"column":4},"end":{"line":4,"column":150}},"4":{"start":{"line":3,"column":79},"end":{"line":3,"column":131}},"5":{"start":{"line":4,"column":9},"end":{"line":4,"column":150}},"6":{"start":{"line":4,"column":58},"end":{"line":4,"column":150}},"7":{"start":{"line":4,"column":81},"end":{"line":4,"column":150}},"8":{"start":{"line":5,"column":4},"end":{"line":5,"column":66}},"9":{"start":{"line":7,"column":0},"end":{"line":9,"column":2}},"10":{"start":{"line":8,"column":4},"end":{"line":8,"column":109}},"11":{"start":{"line":8,"column":79},"end":{"line":8,"column":109}},"12":{"start":{"line":10,"column":0},"end":{"line":10,"column":46}},"13":{"start":{"line":11,"column":0},"end":{"line":56,"column":5}},"14":{"start":{"line":12,"column":4},"end":{"line":15,"column":5}},"15":{"start":{"line":13,"column":8},"end":{"line":13,"column":34}},"16":{"start":{"line":14,"column":8},"end":{"line":14,"column":7908}},"17":{"start":{"line":16,"column":4},"end":{"line":17,"column":6}},"18":{"start":{"line":18,"column":4},"end":{"line":34,"column":6}},"19":{"start":{"line":19,"column":8},"end":{"line":19,"column":35}},"20":{"start":{"line":20,"column":8},"end":{"line":32,"column":9}},"21":{"start":{"line":21,"column":12},"end":{"line":21,"column":39}},"22":{"start":{"line":22,"column":12},"end":{"line":22,"column":52}},"23":{"start":{"line":23,"column":12},"end":{"line":23,"column":34}},"24":{"start":{"line":24,"column":12},"end":{"line":24,"column":33}},"25":{"start":{"line":25,"column":12},"end":{"line":25,"column":43}},"26":{"start":{"line":26,"column":12},"end":{"line":26,"column":40}},"27":{"start":{"line":29,"column":12},"end":{"line":29,"column":46}},"28":{"start":{"line":30,"column":12},"end":{"line":30,"column":65}},"29":{"start":{"line":31,"column":12},"end":{"line":31,"column":25}},"30":{"start":{"line":33,"column":8},"end":{"line":33,"column":20}},"31":{"start":{"line":35,"column":4},"end":{"line":43,"column":6}},"32":{"start":{"line":36,"column":8},"end":{"line":42,"column":9}},"33":{"start":{"line":37,"column":12},"end":{"line":37,"column":40}},"34":{"start":{"line":38,"column":12},"end":{"line":38,"column":128}},"35":{"start":{"line":41,"column":12},"end":{"line":41,"column":33}},"36":{"start":{"line":44,"column":4},"end":{"line":54,"column":13}},"37":{"start":{"line":55,"column":4},"end":{"line":55,"column":16}},"38":{"start":{"line":57,"column":0},"end":{"line":57,"column":20}}},"branchMap":{"1":{"line":1,"type":"binary-expr","locations":[{"start":{"line":1,"column":18},"end":{"line":1,"column":22}},{"start":{"line":1,"column":26},"end":{"line":1,"column":41}},{"start":{"line":1,"column":46},"end":{"line":6,"column":1}}]},"2":{"line":2,"type":"cond-expr","locations":[{"start":{"line":2,"column":42},"end":{"line":2,"column":48}},{"start":{"line":2,"column":51},"end":{"line":2,"column":125}}]},"3":{"line":2,"type":"cond-expr","locations":[{"start":{"line":2,"column":67},"end":{"line":2,"column":118}},{"start":{"line":2,"column":121},"end":{"line":2,"column":125}}]},"4":{"line":3,"type":"if","locations":[{"start":{"line":3,"column":4},"end":{"line":3,"column":4}},{"start":{"line":3,"column":4},"end":{"line":3,"column":4}}]},"5":{"line":3,"type":"binary-expr","locations":[{"start":{"line":3,"column":8},"end":{"line":3,"column":35}},{"start":{"line":3,"column":39},"end":{"line":3,"column":77}}]},"6":{"line":4,"type":"if","locations":[{"start":{"line":4,"column":58},"end":{"line":4,"column":58}},{"start":{"line":4,"column":58},"end":{"line":4,"column":58}}]},"7":{"line":4,"type":"binary-expr","locations":[{"start":{"line":4,"column":86},"end":{"line":4,"column":143}},{"start":{"line":4,"column":148},"end":{"line":4,"column":149}}]},"8":{"line":4,"type":"cond-expr","locations":[{"start":{"line":4,"column":94},"end":{"line":4,"column":98}},{"start":{"line":4,"column":101},"end":{"line":4,"column":143}}]},"9":{"line":4,"type":"cond-expr","locations":[{"start":{"line":4,"column":109},"end":{"line":4,"column":126}},{"start":{"line":4,"column":129},"end":{"line":4,"column":143}}]},"10":{"line":5,"type":"binary-expr","locations":[{"start":{"line":5,"column":11},"end":{"line":5,"column":16}},{"start":{"line":5,"column":20},"end":{"line":5,"column":21}},{"start":{"line":5,"column":25},"end":{"line":5,"column":62}}]},"11":{"line":7,"type":"binary-expr","locations":[{"start":{"line":7,"column":18},"end":{"line":7,"column":22}},{"start":{"line":7,"column":26},"end":{"line":7,"column":41}},{"start":{"line":7,"column":46},"end":{"line":9,"column":1}}]},"12":{"line":8,"type":"if","locations":[{"start":{"line":8,"column":4},"end":{"line":8,"column":4}},{"start":{"line":8,"column":4},"end":{"line":8,"column":4}}]},"13":{"line":8,"type":"binary-expr","locations":[{"start":{"line":8,"column":8},"end":{"line":8,"column":35}},{"start":{"line":8,"column":39},"end":{"line":8,"column":77}}]},"14":{"line":36,"type":"if","locations":[{"start":{"line":36,"column":8},"end":{"line":36,"column":8}},{"start":{"line":36,"column":8},"end":{"line":36,"column":8}}]}}}}