TN:
SF:C:\Users\ekinca\Desktop\AJS2\client\components\Test.spec.js
FN:3,(anonymous_1)
FN:5,(anonymous_2)
FN:8,(anonymous_3)
FN:11,(anonymous_4)
FN:14,(anonymous_5)
FNF:5
FNH:4
FNDA:1,(anonymous_1)
FNDA:2,(anonymous_2)
FNDA:1,(anonymous_3)
FNDA:1,(anonymous_4)
FNDA:0,(anonymous_5)
DA:1,1
DA:2,1
DA:3,1
DA:4,1
DA:5,1
DA:6,2
DA:8,1
DA:9,1
DA:11,1
DA:12,1
DA:14,1
DA:15,0
LF:12
LH:11
BRF:0
BRH:0
end_of_record
TN:
SF:C:\Users\ekinca\Desktop\AJS2\client\components\Test.js
FN:1,(anonymous_1)
FN:7,(anonymous_2)
FN:11,(anonymous_3)
FN:12,Test
FN:16,(anonymous_5)
FN:18,(anonymous_6)
FN:35,(anonymous_7)
FNF:7
FNH:5
FNDA:1,(anonymous_1)
FNDA:1,(anonymous_2)
FNDA:1,(anonymous_3)
FNDA:2,Test
FNDA:0,(anonymous_5)
FNDA:2,(anonymous_6)
FNDA:0,(anonymous_7)
DA:1,1
DA:2,1
DA:3,1
DA:4,0
DA:5,1
DA:7,1
DA:8,1
DA:10,1
DA:11,1
DA:12,1
DA:13,2
DA:14,2
DA:16,1
DA:18,1
DA:19,2
DA:20,2
DA:21,2
DA:22,0
DA:23,0
DA:24,0
DA:25,0
DA:26,0
DA:29,2
DA:30,2
DA:31,2
DA:33,0
DA:35,1
DA:36,0
DA:37,0
DA:38,0
DA:41,0
DA:44,1
DA:55,1
DA:57,1
LF:34
LH:23
BRDA:1,1,0,1
BRDA:1,1,1,1
BRDA:1,1,2,1
BRDA:2,2,0,1
BRDA:2,2,1,0
BRDA:2,3,0,0
BRDA:2,3,1,0
BRDA:3,4,0,1
BRDA:3,4,1,0
BRDA:3,5,0,1
BRDA:3,5,1,1
BRDA:4,6,0,0
BRDA:4,6,1,0
BRDA:4,7,0,0
BRDA:4,7,1,0
BRDA:4,8,0,0
BRDA:4,8,1,0
BRDA:4,9,0,0
BRDA:4,9,1,0
BRDA:5,10,0,1
BRDA:5,10,1,0
BRDA:5,10,2,0
BRDA:7,11,0,1
BRDA:7,11,1,1
BRDA:7,11,2,1
BRDA:8,12,0,1
BRDA:8,12,1,0
BRDA:8,13,0,1
BRDA:8,13,1,1
BRDA:36,14,0,0
BRDA:36,14,1,0
BRF:31
BRH:14
end_of_record
